# JRE version: OpenJDK Runtime Environment Corretto-17.0.15.6.1 (17.0.15+6) (build 17.0.15+6-LTS)
# Java VM: OpenJDK 64-Bit Server VM Corretto-17.0.15.6.1 (17.0.15+6-LTS, mixed mode, sharing, tiered, compressed oops, compressed class ptrs, g1 gc, windows-amd64)
GC Precious Log:
 CPUs: 4 total, 4 available
 Memory: 12008M
 Large Page Support: Disabled
 NUMA Support: Disabled
 Compressed Oops: Enabled (Zero based)
 Heap Region Size: 2M
 Heap Min Capacity: 8M
 Heap Initial Capacity: 188M
 Heap Max Capacity: 3004M
 Pre-touch: Disabled
 Parallel Workers: 4
 Concurrent Workers: 1
 Concurrent Refinement Workers: 4
 Periodic GC: Disabled
Heap:
 garbage-first heap   total 67584K, used 48289K [0x0000000744400000, 0x0000000800000000)
  region size 2048K, 14 young (28672K), 2 survivors (4096K)
 Metaspace       used 67828K, committed 68352K, reserved 1114112K
  class space    used 9224K, committed 9472K, reserved 1048576K
GC Heap History (20 events):
Event: 10.428 GC heap before
{Heap before GC invocations=6 (full 0):
 garbage-first heap   total 55296K, used 36363K [0x0000000744400000, 0x0000000800000000)
  region size 2048K, 15 young (30720K), 5 survivors (10240K)
 Metaspace       used 28424K, committed 28864K, reserved 1114112K
  class space    used 3601K, committed 3776K, reserved 1048576K
}
Event: 10.451 GC heap after
{Heap after GC invocations=7 (full 0):
 garbage-first heap   total 55296K, used 17473K [0x0000000744400000, 0x0000000800000000)
  region size 2048K, 2 young (4096K), 2 survivors (4096K)
 Metaspace       used 28424K, committed 28864K, reserved 1114112K
  class space    used 3601K, committed 3776K, reserved 1048576K
}
Event: 11.854 GC heap before
{Heap before GC invocations=7 (full 0):
 garbage-first heap   total 55296K, used 37953K [0x0000000744400000, 0x0000000800000000)
  region size 2048K, 12 young (24576K), 2 survivors (4096K)
 Metaspace       used 31946K, committed 32384K, reserved 1114112K
  class space    used 4055K, committed 4288K, reserved 1048576K
}
Event: 11.868 GC heap after
{Heap after GC invocations=8 (full 0):
 garbage-first heap   total 55296K, used 19182K [0x0000000744400000, 0x0000000800000000)
  region size 2048K, 2 young (4096K), 2 survivors (4096K)
 Metaspace       used 31946K, committed 32384K, reserved 1114112K
  class space    used 4055K, committed 4288K, reserved 1048576K
}
Event: 13.238 GC heap before
{Heap before GC invocations=8 (full 0):
 garbage-first heap   total 55296K, used 35566K [0x0000000744400000, 0x0000000800000000)
  region size 2048K, 11 young (22528K), 2 survivors (4096K)
 Metaspace       used 35477K, committed 35968K, reserved 1114112K
  class space    used 4484K, committed 4736K, reserved 1048576K
}
Event: 13.251 GC heap after
{Heap after GC invocations=9 (full 0):
 garbage-first heap   total 67584K, used 20400K [0x0000000744400000, 0x0000000800000000)
  region size 2048K, 2 young (4096K), 2 survivors (4096K)
 Metaspace       used 35477K, committed 35968K, reserved 1114112K
  class space    used 4484K, committed 4736K, reserved 1048576K
}
Event: 17.796 GC heap before
{Heap before GC invocations=10 (full 0):
 garbage-first heap   total 67584K, used 47024K [0x0000000744400000, 0x0000000800000000)
  region size 2048K, 15 young (30720K), 2 survivors (4096K)
 Metaspace       used 40212K, committed 40704K, reserved 1114112K
  class space    used 5444K, committed 5696K, reserved 1048576K
}
Event: 17.809 GC heap after
{Heap after GC invocations=11 (full 0):
 garbage-first heap   total 67584K, used 22164K [0x0000000744400000, 0x0000000800000000)
  region size 2048K, 2 young (4096K), 2 survivors (4096K)
 Metaspace       used 40212K, committed 40704K, reserved 1114112K
  class space    used 5444K, committed 5696K, reserved 1048576K
}
Event: 17.884 GC heap before
{Heap before GC invocations=11 (full 0):
 garbage-first heap   total 67584K, used 24212K [0x0000000744400000, 0x0000000800000000)
  region size 2048K, 3 young (6144K), 2 survivors (4096K)
 Metaspace       used 40526K, committed 40960K, reserved 1114112K
  class space    used 5493K, committed 5696K, reserved 1048576K
}
Event: 17.895 GC heap after
{Heap after GC invocations=12 (full 0):
 garbage-first heap   total 67584K, used 21741K [0x0000000744400000, 0x0000000800000000)
  region size 2048K, 1 young (2048K), 1 survivors (2048K)
 Metaspace       used 40526K, committed 40960K, reserved 1114112K
  class space    used 5493K, committed 5696K, reserved 1048576K
}
Event: 19.262 GC heap before
{Heap before GC invocations=12 (full 0):
 garbage-first heap   total 67584K, used 46317K [0x0000000744400000, 0x0000000800000000)
  region size 2048K, 14 young (28672K), 1 survivors (2048K)
 Metaspace       used 47205K, committed 47680K, reserved 1114112K
  class space    used 6345K, committed 6592K, reserved 1048576K
}
Event: 19.270 GC heap after
{Heap after GC invocations=13 (full 0):
 garbage-first heap   total 67584K, used 22901K [0x0000000744400000, 0x0000000800000000)
  region size 2048K, 1 young (2048K), 1 survivors (2048K)
 Metaspace       used 47205K, committed 47680K, reserved 1114112K
  class space    used 6345K, committed 6592K, reserved 1048576K
}
Event: 20.153 GC heap before
{Heap before GC invocations=13 (full 0):
 garbage-first heap   total 67584K, used 49525K [0x0000000744400000, 0x0000000800000000)
  region size 2048K, 14 young (28672K), 1 survivors (2048K)
 Metaspace       used 52223K, committed 52736K, reserved 1114112K
  class space    used 6894K, committed 7168K, reserved 1048576K
}
Event: 20.162 GC heap after
{Heap after GC invocations=14 (full 0):
 garbage-first heap   total 67584K, used 23907K [0x0000000744400000, 0x0000000800000000)
  region size 2048K, 2 young (4096K), 2 survivors (4096K)
 Metaspace       used 52223K, committed 52736K, reserved 1114112K
  class space    used 6894K, committed 7168K, reserved 1048576K
}
Event: 21.271 GC heap before
{Heap before GC invocations=14 (full 0):
 garbage-first heap   total 67584K, used 48483K [0x0000000744400000, 0x0000000800000000)
  region size 2048K, 15 young (30720K), 2 survivors (4096K)
 Metaspace       used 58983K, committed 59520K, reserved 1114112K
  class space    used 7935K, committed 8192K, reserved 1048576K
}
Event: 21.281 GC heap after
{Heap after GC invocations=15 (full 0):
 garbage-first heap   total 67584K, used 24806K [0x0000000744400000, 0x0000000800000000)
  region size 2048K, 1 young (2048K), 1 survivors (2048K)
 Metaspace       used 58983K, committed 59520K, reserved 1114112K
  class space    used 7935K, committed 8192K, reserved 1048576K
}
Event: 21.429 GC heap before
{Heap before GC invocations=15 (full 0):
 garbage-first heap   total 67584K, used 26854K [0x0000000744400000, 0x0000000800000000)
  region size 2048K, 3 young (6144K), 1 survivors (2048K)
 Metaspace       used 59602K, committed 60096K, reserved 1114112K
  class space    used 8044K, committed 8256K, reserved 1048576K
}
Event: 21.435 GC heap after
{Heap after GC invocations=16 (full 0):
 garbage-first heap   total 67584K, used 24806K [0x0000000744400000, 0x0000000800000000)
  region size 2048K, 1 young (2048K), 1 survivors (2048K)
 Metaspace       used 59602K, committed 60096K, reserved 1114112K
  class space    used 8044K, committed 8256K, reserved 1048576K
}
Event: 22.627 GC heap before
{Heap before GC invocations=17 (full 0):
 garbage-first heap   total 67584K, used 49382K [0x0000000744400000, 0x0000000800000000)
  region size 2048K, 14 young (28672K), 1 survivors (2048K)
 Metaspace       used 64496K, committed 65024K, reserved 1114112K
  class space    used 8798K, committed 9024K, reserved 1048576K
}
Event: 22.636 GC heap after
{Heap after GC invocations=18 (full 0):
 garbage-first heap   total 67584K, used 25761K [0x0000000744400000, 0x0000000800000000)
  region size 2048K, 2 young (4096K), 2 survivors (4096K)
 Metaspace       used 64496K, committed 65024K, reserved 1114112K
  class space    used 8798K, committed 9024K, reserved 1048576K
}

