# JRE version: OpenJDK Runtime Environment Corretto-17.0.15.6.1 (17.0.15+6) (build 17.0.15+6-LTS)
# Java VM: OpenJDK 64-Bit Server VM Corretto-17.0.15.6.1 (17.0.15+6-LTS, mixed mode, sharing, tiered, compressed oops, compressed class ptrs, g1 gc, windows-amd64)
GC Precious Log:
 CPUs: 4 total, 4 available
 Memory: 12008M
 Large Page Support: Disabled
 NUMA Support: Disabled
 Compressed Oops: Enabled (Zero based)
 Heap Region Size: 2M
 Heap Min Capacity: 8M
 Heap Initial Capacity: 188M
 Heap Max Capacity: 3004M
 Pre-touch: Disabled
 Parallel Workers: 4
 Concurrent Workers: 1
 Concurrent Refinement Workers: 4
 Periodic GC: Disabled
Heap:
 garbage-first heap   total 73728K, used 51422K [0x0000000744400000, 0x0000000800000000)
  region size 2048K, 17 young (34816K), 2 survivors (4096K)
 Metaspace       used 58315K, committed 58752K, reserved 1114112K
  class space    used 7966K, committed 8192K, reserved 1048576K
GC Heap History (20 events):
Event: 0.471 GC heap before
{Heap before GC invocations=0 (full 0):
 garbage-first heap   total 192512K, used 10240K [0x0000000744400000, 0x0000000800000000)
  region size 2048K, 6 young (12288K), 0 survivors (0K)
 Metaspace       used 2132K, committed 2304K, reserved 1114112K
  class space    used 186K, committed 256K, reserved 1048576K
}
Event: 0.476 GC heap after
{Heap after GC invocations=1 (full 0):
 garbage-first heap   total 192512K, used 6908K [0x0000000744400000, 0x0000000800000000)
  region size 2048K, 1 young (2048K), 1 survivors (2048K)
 Metaspace       used 2132K, committed 2304K, reserved 1114112K
  class space    used 186K, committed 256K, reserved 1048576K
}
Event: 0.778 GC heap before
{Heap before GC invocations=1 (full 0):
 garbage-first heap   total 192512K, used 13052K [0x0000000744400000, 0x0000000800000000)
  region size 2048K, 4 young (8192K), 1 survivors (2048K)
 Metaspace       used 4141K, committed 4352K, reserved 1114112K
  class space    used 433K, committed 512K, reserved 1048576K
}
Event: 0.781 GC heap after
{Heap after GC invocations=2 (full 0):
 garbage-first heap   total 192512K, used 8408K [0x0000000744400000, 0x0000000800000000)
  region size 2048K, 1 young (2048K), 1 survivors (2048K)
 Metaspace       used 4141K, committed 4352K, reserved 1114112K
  class space    used 433K, committed 512K, reserved 1048576K
}
Event: 1.744 GC heap before
{Heap before GC invocations=2 (full 0):
 garbage-first heap   total 192512K, used 30936K [0x0000000744400000, 0x0000000800000000)
  region size 2048K, 12 young (24576K), 1 survivors (2048K)
 Metaspace       used 10434K, committed 10688K, reserved 1114112K
  class space    used 1344K, committed 1472K, reserved 1048576K
}
Event: 1.750 GC heap after
{Heap after GC invocations=3 (full 0):
 garbage-first heap   total 192512K, used 10124K [0x0000000744400000, 0x0000000800000000)
  region size 2048K, 2 young (4096K), 2 survivors (4096K)
 Metaspace       used 10434K, committed 10688K, reserved 1114112K
  class space    used 1344K, committed 1472K, reserved 1048576K
}
Event: 3.152 GC heap before
{Heap before GC invocations=3 (full 0):
 garbage-first heap   total 192512K, used 63372K [0x0000000744400000, 0x0000000800000000)
  region size 2048K, 29 young (59392K), 2 survivors (4096K)
 Metaspace       used 21125K, committed 21504K, reserved 1114112K
  class space    used 2635K, committed 2816K, reserved 1048576K
}
Event: 3.163 GC heap after
{Heap after GC invocations=4 (full 0):
 garbage-first heap   total 192512K, used 14781K [0x0000000744400000, 0x0000000800000000)
  region size 2048K, 4 young (8192K), 4 survivors (8192K)
 Metaspace       used 21125K, committed 21504K, reserved 1114112K
  class space    used 2635K, committed 2816K, reserved 1048576K
}
Event: 4.296 GC heap before
{Heap before GC invocations=5 (full 0):
 garbage-first heap   total 61440K, used 43453K [0x0000000744400000, 0x0000000800000000)
  region size 2048K, 18 young (36864K), 4 survivors (8192K)
 Metaspace       used 25278K, committed 25664K, reserved 1114112K
  class space    used 3207K, committed 3392K, reserved 1048576K
}
Event: 4.310 GC heap after
{Heap after GC invocations=6 (full 0):
 garbage-first heap   total 61440K, used 17077K [0x0000000744400000, 0x0000000800000000)
  region size 2048K, 2 young (4096K), 2 survivors (4096K)
 Metaspace       used 25278K, committed 25664K, reserved 1114112K
  class space    used 3207K, committed 3392K, reserved 1048576K
}
Event: 5.177 GC heap before
{Heap before GC invocations=6 (full 0):
 garbage-first heap   total 61440K, used 39605K [0x0000000744400000, 0x0000000800000000)
  region size 2048K, 13 young (26624K), 2 survivors (4096K)
 Metaspace       used 29199K, committed 29696K, reserved 1114112K
  class space    used 3794K, committed 4032K, reserved 1048576K
}
Event: 5.189 GC heap after
{Heap after GC invocations=7 (full 0):
 garbage-first heap   total 61440K, used 19223K [0x0000000744400000, 0x0000000800000000)
  region size 2048K, 2 young (4096K), 2 survivors (4096K)
 Metaspace       used 29199K, committed 29696K, reserved 1114112K
  class space    used 3794K, committed 4032K, reserved 1048576K
}
Event: 6.069 GC heap before
{Heap before GC invocations=7 (full 0):
 garbage-first heap   total 61440K, used 41751K [0x0000000744400000, 0x0000000800000000)
  region size 2048K, 13 young (26624K), 2 survivors (4096K)
 Metaspace       used 34017K, committed 34560K, reserved 1114112K
  class space    used 4348K, committed 4608K, reserved 1048576K
}
Event: 6.078 GC heap after
{Heap after GC invocations=8 (full 0):
 garbage-first heap   total 61440K, used 20945K [0x0000000744400000, 0x0000000800000000)
  region size 2048K, 1 young (2048K), 1 survivors (2048K)
 Metaspace       used 34017K, committed 34560K, reserved 1114112K
  class space    used 4348K, committed 4608K, reserved 1048576K
}
Event: 6.266 GC heap before
{Heap before GC invocations=8 (full 0):
 garbage-first heap   total 61440K, used 25041K [0x0000000744400000, 0x0000000800000000)
  region size 2048K, 4 young (8192K), 1 survivors (2048K)
 Metaspace       used 35523K, committed 35968K, reserved 1114112K
  class space    used 4585K, committed 4800K, reserved 1048576K
}
Event: 6.273 GC heap after
{Heap after GC invocations=9 (full 0):
 garbage-first heap   total 73728K, used 21066K [0x0000000744400000, 0x0000000800000000)
  region size 2048K, 1 young (2048K), 1 survivors (2048K)
 Metaspace       used 35523K, committed 35968K, reserved 1114112K
  class space    used 4585K, committed 4800K, reserved 1048576K
}
Event: 7.491 GC heap before
{Heap before GC invocations=10 (full 0):
 garbage-first heap   total 73728K, used 53834K [0x0000000744400000, 0x0000000800000000)
  region size 2048K, 17 young (34816K), 1 survivors (2048K)
 Metaspace       used 42900K, committed 43392K, reserved 1114112K
  class space    used 5896K, committed 6144K, reserved 1048576K
}
Event: 7.503 GC heap after
{Heap after GC invocations=11 (full 0):
 garbage-first heap   total 73728K, used 23533K [0x0000000744400000, 0x0000000800000000)
  region size 2048K, 3 young (6144K), 3 survivors (6144K)
 Metaspace       used 42900K, committed 43392K, reserved 1114112K
  class space    used 5896K, committed 6144K, reserved 1048576K
}
Event: 8.521 GC heap before
{Heap before GC invocations=11 (full 0):
 garbage-first heap   total 73728K, used 50157K [0x0000000744400000, 0x0000000800000000)
  region size 2048K, 17 young (34816K), 3 survivors (6144K)
 Metaspace       used 50459K, committed 50944K, reserved 1114112K
  class space    used 6735K, committed 6912K, reserved 1048576K
}
Event: 8.533 GC heap after
{Heap after GC invocations=12 (full 0):
 garbage-first heap   total 73728K, used 24798K [0x0000000744400000, 0x0000000800000000)
  region size 2048K, 2 young (4096K), 2 survivors (4096K)
 Metaspace       used 50459K, committed 50944K, reserved 1114112K
  class space    used 6735K, committed 6912K, reserved 1048576K
}

