# JRE version: OpenJDK Runtime Environment Corretto-17.0.15.6.1 (17.0.15+6) (build 17.0.15+6-LTS)
# Java VM: OpenJDK 64-Bit Server VM Corretto-17.0.15.6.1 (17.0.15+6-LTS, mixed mode, sharing, tiered, compressed oops, compressed class ptrs, g1 gc, windows-amd64)
GC Precious Log:
 CPUs: 4 total, 4 available
 Memory: 12008M
 Large Page Support: Disabled
 NUMA Support: Disabled
 Compressed Oops: Enabled (Zero based)
 Heap Region Size: 2M
 Heap Min Capacity: 8M
 Heap Initial Capacity: 188M
 Heap Max Capacity: 3004M
 Pre-touch: Disabled
 Parallel Workers: 4
 Concurrent Workers: 1
 Concurrent Refinement Workers: 4
 Periodic GC: Disabled
Heap:
 garbage-first heap   total 61440K, used 41456K [0x0000000744400000, 0x0000000800000000)
  region size 2048K, 10 young (20480K), 2 survivors (4096K)
 Metaspace       used 71891K, committed 72448K, reserved 1114112K
  class space    used 10243K, committed 10496K, reserved 1048576K
GC Heap History (20 events):
Event: 12.359 GC heap before
{Heap before GC invocations=9 (full 0):
 garbage-first heap   total 61440K, used 20236K [0x0000000744400000, 0x0000000800000000)
  region size 2048K, 2 young (4096K), 1 survivors (2048K)
 Metaspace       used 35525K, committed 35968K, reserved 1114112K
  class space    used 4583K, committed 4800K, reserved 1048576K
}
Event: 12.364 GC heap after
{Heap after GC invocations=10 (full 0):
 garbage-first heap   total 61440K, used 20290K [0x0000000744400000, 0x0000000800000000)
  region size 2048K, 1 young (2048K), 1 survivors (2048K)
 Metaspace       used 35525K, committed 35968K, reserved 1114112K
  class space    used 4583K, committed 4800K, reserved 1048576K
}
Event: 15.205 GC heap before
{Heap before GC invocations=11 (full 0):
 garbage-first heap   total 61440K, used 44866K [0x0000000744400000, 0x0000000800000000)
  region size 2048K, 13 young (26624K), 1 survivors (2048K)
 Metaspace       used 40259K, committed 40704K, reserved 1114112K
  class space    used 5543K, committed 5760K, reserved 1048576K
}
Event: 15.213 GC heap after
{Heap after GC invocations=12 (full 0):
 garbage-first heap   total 61440K, used 21921K [0x0000000744400000, 0x0000000800000000)
  region size 2048K, 2 young (4096K), 2 survivors (4096K)
 Metaspace       used 40259K, committed 40704K, reserved 1114112K
  class space    used 5543K, committed 5760K, reserved 1048576K
}
Event: 15.414 GC heap before
{Heap before GC invocations=12 (full 0):
 garbage-first heap   total 61440K, used 23969K [0x0000000744400000, 0x0000000800000000)
  region size 2048K, 3 young (6144K), 2 survivors (4096K)
 Metaspace       used 40679K, committed 41152K, reserved 1114112K
  class space    used 5609K, committed 5824K, reserved 1048576K
}
Event: 15.427 GC heap after
{Heap after GC invocations=13 (full 0):
 garbage-first heap   total 61440K, used 21497K [0x0000000744400000, 0x0000000800000000)
  region size 2048K, 1 young (2048K), 1 survivors (2048K)
 Metaspace       used 40679K, committed 41152K, reserved 1114112K
  class space    used 5609K, committed 5824K, reserved 1048576K
}
Event: 18.262 GC heap before
{Heap before GC invocations=13 (full 0):
 garbage-first heap   total 61440K, used 44025K [0x0000000744400000, 0x0000000800000000)
  region size 2048K, 12 young (24576K), 1 survivors (2048K)
 Metaspace       used 47056K, committed 47552K, reserved 1114112K
  class space    used 6381K, committed 6592K, reserved 1048576K
}
Event: 18.268 GC heap after
{Heap after GC invocations=14 (full 0):
 garbage-first heap   total 61440K, used 22836K [0x0000000744400000, 0x0000000800000000)
  region size 2048K, 1 young (2048K), 1 survivors (2048K)
 Metaspace       used 47056K, committed 47552K, reserved 1114112K
  class space    used 6381K, committed 6592K, reserved 1048576K
}
Event: 20.084 GC heap before
{Heap before GC invocations=14 (full 0):
 garbage-first heap   total 61440K, used 43316K [0x0000000744400000, 0x0000000800000000)
  region size 2048K, 12 young (24576K), 1 survivors (2048K)
 Metaspace       used 52417K, committed 52864K, reserved 1114112K
  class space    used 6985K, committed 7168K, reserved 1048576K
}
Event: 20.091 GC heap after
{Heap after GC invocations=15 (full 0):
 garbage-first heap   total 61440K, used 23748K [0x0000000744400000, 0x0000000800000000)
  region size 2048K, 2 young (4096K), 2 survivors (4096K)
 Metaspace       used 52417K, committed 52864K, reserved 1114112K
  class space    used 6985K, committed 7168K, reserved 1048576K
}
Event: 21.457 GC heap before
{Heap before GC invocations=15 (full 0):
 garbage-first heap   total 61440K, used 44228K [0x0000000744400000, 0x0000000800000000)
  region size 2048K, 13 young (26624K), 2 survivors (4096K)
 Metaspace       used 59087K, committed 59648K, reserved 1114112K
  class space    used 8098K, committed 8384K, reserved 1048576K
}
Event: 21.465 GC heap after
{Heap after GC invocations=16 (full 0):
 garbage-first heap   total 61440K, used 24388K [0x0000000744400000, 0x0000000800000000)
  region size 2048K, 1 young (2048K), 1 survivors (2048K)
 Metaspace       used 59087K, committed 59648K, reserved 1114112K
  class space    used 8098K, committed 8384K, reserved 1048576K
}
Event: 21.649 GC heap before
{Heap before GC invocations=16 (full 0):
 garbage-first heap   total 61440K, used 28484K [0x0000000744400000, 0x0000000800000000)
  region size 2048K, 4 young (8192K), 1 survivors (2048K)
 Metaspace       used 59772K, committed 60288K, reserved 1114112K
  class space    used 8173K, committed 8448K, reserved 1048576K
}
Event: 21.654 GC heap after
{Heap after GC invocations=17 (full 0):
 garbage-first heap   total 61440K, used 24689K [0x0000000744400000, 0x0000000800000000)
  region size 2048K, 1 young (2048K), 1 survivors (2048K)
 Metaspace       used 59772K, committed 60288K, reserved 1114112K
  class space    used 8173K, committed 8448K, reserved 1048576K
}
Event: 25.166 GC heap before
{Heap before GC invocations=18 (full 0):
 garbage-first heap   total 61440K, used 47217K [0x0000000744400000, 0x0000000800000000)
  region size 2048K, 13 young (26624K), 1 survivors (2048K)
 Metaspace       used 64457K, committed 65024K, reserved 1114112K
  class space    used 8940K, committed 9216K, reserved 1048576K
}
Event: 25.177 GC heap after
{Heap after GC invocations=19 (full 0):
 garbage-first heap   total 61440K, used 26033K [0x0000000744400000, 0x0000000800000000)
  region size 2048K, 2 young (4096K), 2 survivors (4096K)
 Metaspace       used 64457K, committed 65024K, reserved 1114112K
  class space    used 8940K, committed 9216K, reserved 1048576K
}
Event: 27.637 GC heap before
{Heap before GC invocations=19 (full 0):
 garbage-first heap   total 61440K, used 48561K [0x0000000744400000, 0x0000000800000000)
  region size 2048K, 13 young (26624K), 2 survivors (4096K)
 Metaspace       used 67747K, committed 68416K, reserved 1114112K
  class space    used 9349K, committed 9664K, reserved 1048576K
}
Event: 27.644 GC heap after
{Heap after GC invocations=20 (full 0):
 garbage-first heap   total 61440K, used 27702K [0x0000000744400000, 0x0000000800000000)
  region size 2048K, 2 young (4096K), 2 survivors (4096K)
 Metaspace       used 67747K, committed 68416K, reserved 1114112K
  class space    used 9349K, committed 9664K, reserved 1048576K
}
Event: 28.290 GC heap before
{Heap before GC invocations=20 (full 0):
 garbage-first heap   total 61440K, used 46134K [0x0000000744400000, 0x0000000800000000)
  region size 2048K, 12 young (24576K), 2 survivors (4096K)
 Metaspace       used 69931K, committed 70528K, reserved 1114112K
  class space    used 9816K, committed 10112K, reserved 1048576K
}
Event: 28.301 GC heap after
{Heap after GC invocations=21 (full 0):
 garbage-first heap   total 61440K, used 29168K [0x0000000744400000, 0x0000000800000000)
  region size 2048K, 2 young (4096K), 2 survivors (4096K)
 Metaspace       used 69931K, committed 70528K, reserved 1114112K
  class space    used 9816K, committed 10112K, reserved 1048576K
}

