# JRE version: OpenJDK Runtime Environment Corretto-17.0.15.6.1 (17.0.15+6) (build 17.0.15+6-LTS)
# Java VM: OpenJDK 64-Bit Server VM Corretto-17.0.15.6.1 (17.0.15+6-LTS, mixed mode, sharing, tiered, compressed oops, compressed class ptrs, g1 gc, windows-amd64)
GC Precious Log:
 CPUs: 4 total, 4 available
 Memory: 12008M
 Large Page Support: Disabled
 NUMA Support: Disabled
 Compressed Oops: Enabled (Zero based)
 Heap Region Size: 2M
 Heap Min Capacity: 8M
 Heap Initial Capacity: 188M
 Heap Max Capacity: 3004M
 Pre-touch: Disabled
 Parallel Workers: 4
 Concurrent Workers: 1
 Concurrent Refinement Workers: 4
 Periodic GC: Disabled
Heap:
 garbage-first heap   total 67584K, used 38407K [0x0000000744400000, 0x0000000800000000)
  region size 2048K, 7 young (14336K), 2 survivors (4096K)
 Metaspace       used 72566K, committed 73152K, reserved 1114112K
  class space    used 10331K, committed 10624K, reserved 1048576K
GC Heap History (20 events):
Event: 12.187 GC heap before
{Heap before GC invocations=11 (full 0):
 garbage-first heap   total 55296K, used 38914K [0x0000000744400000, 0x0000000800000000)
  region size 2048K, 11 young (22528K), 2 survivors (4096K)
 Metaspace       used 38998K, committed 39488K, reserved 1114112K
  class space    used 5282K, committed 5504K, reserved 1048576K
}
Event: 12.198 GC heap after
{Heap after GC invocations=12 (full 0):
 garbage-first heap   total 55296K, used 22038K [0x0000000744400000, 0x0000000800000000)
  region size 2048K, 2 young (4096K), 2 survivors (4096K)
 Metaspace       used 38998K, committed 39488K, reserved 1114112K
  class space    used 5282K, committed 5504K, reserved 1048576K
}
Event: 12.326 GC heap before
{Heap before GC invocations=12 (full 0):
 garbage-first heap   total 55296K, used 24086K [0x0000000744400000, 0x0000000800000000)
  region size 2048K, 3 young (6144K), 2 survivors (4096K)
 Metaspace       used 39417K, committed 39936K, reserved 1114112K
  class space    used 5364K, committed 5632K, reserved 1048576K
}
Event: 12.337 GC heap after
{Heap after GC invocations=13 (full 0):
 garbage-first heap   total 55296K, used 21732K [0x0000000744400000, 0x0000000800000000)
  region size 2048K, 1 young (2048K), 1 survivors (2048K)
 Metaspace       used 39417K, committed 39936K, reserved 1114112K
  class space    used 5364K, committed 5632K, reserved 1048576K
}
Event: 13.475 GC heap before
{Heap before GC invocations=13 (full 0):
 garbage-first heap   total 55296K, used 40164K [0x0000000744400000, 0x0000000800000000)
  region size 2048K, 10 young (20480K), 1 survivors (2048K)
 Metaspace       used 44720K, committed 45184K, reserved 1114112K
  class space    used 6096K, committed 6336K, reserved 1048576K
}
Event: 13.482 GC heap after
{Heap after GC invocations=14 (full 0):
 garbage-first heap   total 67584K, used 22636K [0x0000000744400000, 0x0000000800000000)
  region size 2048K, 1 young (2048K), 1 survivors (2048K)
 Metaspace       used 44720K, committed 45184K, reserved 1114112K
  class space    used 6096K, committed 6336K, reserved 1048576K
}
Event: 14.541 GC heap before
{Heap before GC invocations=14 (full 0):
 garbage-first heap   total 67584K, used 49260K [0x0000000744400000, 0x0000000800000000)
  region size 2048K, 14 young (28672K), 1 survivors (2048K)
 Metaspace       used 51117K, committed 51584K, reserved 1114112K
  class space    used 6825K, committed 7040K, reserved 1048576K
}
Event: 14.547 GC heap after
{Heap after GC invocations=15 (full 0):
 garbage-first heap   total 67584K, used 24074K [0x0000000744400000, 0x0000000800000000)
  region size 2048K, 2 young (4096K), 2 survivors (4096K)
 Metaspace       used 51117K, committed 51584K, reserved 1114112K
  class space    used 6825K, committed 7040K, reserved 1048576K
}
Event: 16.035 GC heap before
{Heap before GC invocations=15 (full 0):
 garbage-first heap   total 67584K, used 50698K [0x0000000744400000, 0x0000000800000000)
  region size 2048K, 15 young (30720K), 2 survivors (4096K)
 Metaspace       used 58643K, committed 59072K, reserved 1114112K
  class space    used 8004K, committed 8192K, reserved 1048576K
}
Event: 16.045 GC heap after
{Heap after GC invocations=16 (full 0):
 garbage-first heap   total 67584K, used 25094K [0x0000000744400000, 0x0000000800000000)
  region size 2048K, 2 young (4096K), 2 survivors (4096K)
 Metaspace       used 58643K, committed 59072K, reserved 1114112K
  class space    used 8004K, committed 8192K, reserved 1048576K
}
Event: 16.395 GC heap before
{Heap before GC invocations=16 (full 0):
 garbage-first heap   total 67584K, used 33286K [0x0000000744400000, 0x0000000800000000)
  region size 2048K, 7 young (14336K), 2 survivors (4096K)
 Metaspace       used 59864K, committed 60288K, reserved 1114112K
  class space    used 8170K, committed 8384K, reserved 1048576K
}
Event: 16.402 GC heap after
{Heap after GC invocations=17 (full 0):
 garbage-first heap   total 67584K, used 25474K [0x0000000744400000, 0x0000000800000000)
  region size 2048K, 1 young (2048K), 1 survivors (2048K)
 Metaspace       used 59864K, committed 60288K, reserved 1114112K
  class space    used 8170K, committed 8384K, reserved 1048576K
}
Event: 20.123 GC heap before
{Heap before GC invocations=18 (full 0):
 garbage-first heap   total 67584K, used 52098K [0x0000000744400000, 0x0000000800000000)
  region size 2048K, 14 young (28672K), 1 survivors (2048K)
 Metaspace       used 64899K, committed 65408K, reserved 1114112K
  class space    used 8993K, committed 9216K, reserved 1048576K
}
Event: 20.133 GC heap after
{Heap after GC invocations=19 (full 0):
 garbage-first heap   total 67584K, used 26971K [0x0000000744400000, 0x0000000800000000)
  region size 2048K, 2 young (4096K), 2 survivors (4096K)
 Metaspace       used 64899K, committed 65408K, reserved 1114112K
  class space    used 8993K, committed 9216K, reserved 1048576K
}
Event: 22.010 GC heap before
{Heap before GC invocations=20 (full 0):
 garbage-first heap   total 67584K, used 49499K [0x0000000744400000, 0x0000000800000000)
  region size 2048K, 14 young (28672K), 2 survivors (4096K)
 Metaspace       used 68787K, committed 69376K, reserved 1114112K
  class space    used 9605K, committed 9920K, reserved 1048576K
}
Event: 22.024 GC heap after
{Heap after GC invocations=21 (full 0):
 garbage-first heap   total 67584K, used 28408K [0x0000000744400000, 0x0000000800000000)
  region size 2048K, 2 young (4096K), 2 survivors (4096K)
 Metaspace       used 68787K, committed 69376K, reserved 1114112K
  class space    used 9605K, committed 9920K, reserved 1048576K
}
Event: 22.198 GC heap before
{Heap before GC invocations=21 (full 0):
 garbage-first heap   total 67584K, used 30456K [0x0000000744400000, 0x0000000800000000)
  region size 2048K, 3 young (6144K), 2 survivors (4096K)
 Metaspace       used 69340K, committed 69952K, reserved 1114112K
  class space    used 9743K, committed 10048K, reserved 1048576K
}
Event: 22.207 GC heap after
{Heap after GC invocations=22 (full 0):
 garbage-first heap   total 67584K, used 28513K [0x0000000744400000, 0x0000000800000000)
  region size 2048K, 1 young (2048K), 1 survivors (2048K)
 Metaspace       used 69340K, committed 69952K, reserved 1114112K
  class space    used 9743K, committed 10048K, reserved 1048576K
}
Event: 23.096 GC heap before
{Heap before GC invocations=22 (full 0):
 garbage-first heap   total 67584K, used 51041K [0x0000000744400000, 0x0000000800000000)
  region size 2048K, 12 young (24576K), 1 survivors (2048K)
 Metaspace       used 71836K, committed 72384K, reserved 1114112K
  class space    used 10241K, committed 10496K, reserved 1048576K
}
Event: 23.100 GC heap after
{Heap after GC invocations=23 (full 0):
 garbage-first heap   total 67584K, used 30215K [0x0000000744400000, 0x0000000800000000)
  region size 2048K, 2 young (4096K), 2 survivors (4096K)
 Metaspace       used 71836K, committed 72384K, reserved 1114112K
  class space    used 10241K, committed 10496K, reserved 1048576K
}

